<?xml version="1.0" encoding="UTF-8"?>
<!-- Generated by org.testng.reporters.JUnitXMLReporter -->
<testsuite ignored="0" hostname="DESKTOP-DRC1TFD" failures="0" tests="4" name="Test-Runner-chrome" time="336.006" errors="0" timestamp="2022-11-08T21:39:58 GMT-08:00">
  <testcase classname="vtiger.GenericLibrary.BaseClass" name="@BeforeTest bcConfig" time="10.016">
    <failure type="org.openqa.selenium.SessionNotCreatedException" message="Could not start a new session. Response code 500. Message: Expected browser binary location, but unable to find binary in default location, no &amp;apos;moz:firefoxOptions.binary&amp;apos; capability provided, and no binary flag set on the command line
Build info: version: &amp;apos;4.4.0&amp;apos;, revision: &amp;apos;e5c75ed026a&amp;apos;
System info: host: &amp;apos;DESKTOP-DRC1TFD&amp;apos;, ip: &amp;apos;192.168.1.102&amp;apos;, os.name: &amp;apos;Windows 10&amp;apos;, os.arch: &amp;apos;amd64&amp;apos;, os.version: &amp;apos;10.0&amp;apos;, java.version: &amp;apos;17.0.4.1&amp;apos;
Driver info: org.openqa.selenium.firefox.FirefoxDriver
Command: [null, newSession {capabilities=[Capabilities {acceptInsecureCerts: true, browserName: firefox, moz:debuggerAddress: true, moz:firefoxOptions: {}}], desiredCapabilities=Capabilities {acceptInsecureCerts: true, browserName: firefox, moz:debuggerAddress: true, moz:firefoxOptions: {}}}]">
      <![CDATA[org.openqa.selenium.SessionNotCreatedException: Could not start a new session. Response code 500. Message: Expected browser binary location, but unable to find binary in default location, no 'moz:firefoxOptions.binary' capability provided, and no binary flag set on the command line
Build info: version: '4.4.0', revision: 'e5c75ed026a'
System info: host: 'DESKTOP-DRC1TFD', ip: '192.168.1.102', os.name: 'Windows 10', os.arch: 'amd64', os.version: '10.0', java.version: '17.0.4.1'
Driver info: org.openqa.selenium.firefox.FirefoxDriver
Command: [null, newSession {capabilities=[Capabilities {acceptInsecureCerts: true, browserName: firefox, moz:debuggerAddress: true, moz:firefoxOptions: {}}], desiredCapabilities=Capabilities {acceptInsecureCerts: true, browserName: firefox, moz:debuggerAddress: true, moz:firefoxOptions: {}}}]
at org.openqa.selenium.remote.ProtocolHandshake.createSession(ProtocolHandshake.java:144)
at org.openqa.selenium.remote.ProtocolHandshake.createSession(ProtocolHandshake.java:102)
at org.openqa.selenium.remote.ProtocolHandshake.createSession(ProtocolHandshake.java:67)
at org.openqa.selenium.remote.HttpCommandExecutor.execute(HttpCommandExecutor.java:156)
at org.openqa.selenium.remote.service.DriverCommandExecutor.invokeExecute(DriverCommandExecutor.java:167)
at org.openqa.selenium.remote.service.DriverCommandExecutor.execute(DriverCommandExecutor.java:142)
at org.openqa.selenium.remote.RemoteWebDriver.execute(RemoteWebDriver.java:547)
at org.openqa.selenium.remote.RemoteWebDriver.startSession(RemoteWebDriver.java:242)
at org.openqa.selenium.remote.RemoteWebDriver.<init>(RemoteWebDriver.java:157)
at org.openqa.selenium.firefox.FirefoxDriver.<init>(FirefoxDriver.java:110)
at org.openqa.selenium.firefox.FirefoxDriver.<init>(FirefoxDriver.java:98)
at org.openqa.selenium.firefox.FirefoxDriver.<init>(FirefoxDriver.java:94)
at vtiger.GenericLibrary.BaseClass.bcConfig(BaseClass.java:51)
at java.base/java.util.concurrent.FutureTask.run(FutureTask.java:264)
at java.base/java.util.concurrent.ThreadPoolExecutor.runWorker(ThreadPoolExecutor.java:1136)
at java.base/java.util.concurrent.ThreadPoolExecutor$Worker.run(ThreadPoolExecutor.java:635)
at java.base/java.lang.Thread.run(Thread.java:833)
... Removed 15 stack frames]]>
    </failure>
  </testcase> <!-- @BeforeTest bcConfig -->
  <testcase classname="vtiger.GenericLibrary.BaseClass" name="@BeforeMethod bmConfig" time="-1.667972072588E9">
    <skipped/>
  </testcase> <!-- @BeforeMethod bmConfig -->
  <testcase classname="vtiger.GenericLibrary.BaseClass" name="@AfterMethod amConfig" time="-1.667972072608E9">
    <skipped/>
  </testcase> <!-- @AfterMethod amConfig -->
  <testcase classname="vtiger.GenericLibrary.BaseClass" name="@BeforeMethod bmConfig" time="-1.667972072656E9">
    <skipped/>
  </testcase> <!-- @BeforeMethod bmConfig -->
  <testcase classname="vtiger.GenericLibrary.BaseClass" name="@AfterMethod amConfig" time="-1.667972072696E9">
    <skipped/>
  </testcase> <!-- @AfterMethod amConfig -->
  <testcase classname="vtiger.GenericLibrary.BaseClass" name="@BeforeMethod bmConfig" time="-1.667972072708E9">
    <skipped/>
  </testcase> <!-- @BeforeMethod bmConfig -->
  <testcase classname="vtiger.GenericLibrary.BaseClass" name="@AfterMethod amConfig" time="-1.667972072748E9">
    <skipped/>
  </testcase> <!-- @AfterMethod amConfig -->
  <testcase classname="vtiger.GenericLibrary.BaseClass" name="@BeforeMethod bmConfig" time="-1.667972072753E9">
    <skipped/>
  </testcase> <!-- @BeforeMethod bmConfig -->
  <testcase classname="vtiger.GenericLibrary.BaseClass" name="@AfterMethod amConfig" time="-1.667972072771E9">
    <skipped/>
  </testcase> <!-- @AfterMethod amConfig -->
  <testcase classname="vtiger.GenericLibrary.BaseClass" name="@AfterTest acConfig" time="-1.667972072787E9">
    <skipped/>
  </testcase> <!-- @AfterTest acConfig -->
  <testcase classname="vTigerContactsTests.CreateContactTest" name="createCintactTest" time="105.157"/>
  <testcase classname="vTigerContactsTests.CreateContactTest" name="createContactTest" time="0.001"/>
  <testcase classname="vTigerContactsTests.CreateContactTest" name="createContactWithLeadSource" time="0.003"/>
  <testcase classname="vTigerContactsTests.CreateContactTest" name="createContactWithLeadSourceAndOrg" time="0.001"/>
</testsuite> <!-- Test-Runner-chrome -->
